[debug] [2023-05-19T12:52:44.435Z] ----------------------------------------------------------------------
[debug] [2023-05-19T12:52:44.439Z] Command:       C:\Program Files\nodejs\node.exe C:\Users\satya\AppData\Roaming\npm\node_modules\firebase-tools\lib\bin\firebase.js init
[debug] [2023-05-19T12:52:44.440Z] CLI Version:   12.0.1
[debug] [2023-05-19T12:52:44.441Z] Platform:      win32
[debug] [2023-05-19T12:52:44.441Z] Node Version:  v18.14.0
[debug] [2023-05-19T12:52:44.444Z] Time:          Fri May 19 2023 18:22:44 GMT+0530 (India Standard Time)
[debug] [2023-05-19T12:52:44.444Z] ----------------------------------------------------------------------
[debug] 
[debug] [2023-05-19T12:52:44.462Z] > command requires scopes: ["email","openid","https://www.googleapis.com/auth/cloudplatformprojects.readonly","https://www.googleapis.com/auth/firebase","https://www.googleapis.com/auth/cloud-platform"]
[debug] [2023-05-19T12:52:44.464Z] > authorizing via signed-in user (satyasanjay1999@gmail.com)
[info] 
     ######## #### ########  ######## ########     ###     ######  ########
     ##        ##  ##     ## ##       ##     ##  ##   ##  ##       ##
     ######    ##  ########  ######   ########  #########  ######  ######
     ##        ##  ##    ##  ##       ##     ## ##     ##       ## ##
     ##       #### ##     ## ######## ########  ##     ##  ######  ########

You're about to initialize a Firebase project in this directory:

  D:\STUDY\REACT\react-practice\PedroTech\react-app-using-typescript-and-firebase

[info] 
=== Project Setup
[info] 
[info] First, let's associate this project directory with a Firebase project.
[info] You can create multiple project aliases by running firebase use --add, 
[info] but for now we'll just set up a default project.
[info] 
[debug] [2023-05-19T12:53:05.827Z] >>> [apiv2][query] GET https://firebase.googleapis.com/v1beta1/projects pageSize=100
[debug] [2023-05-19T12:53:07.101Z] <<< [apiv2][status] GET https://firebase.googleapis.com/v1beta1/projects 200
[debug] [2023-05-19T12:53:07.101Z] <<< [apiv2][body] GET https://firebase.googleapis.com/v1beta1/projects [omitted]
[info] i  Using project react-practical-f5fae (react-practical) 
[info] 
=== Hosting Setup
[info] 
[info] Your public directory is the folder (relative to your project directory) that
[info] will contain Hosting assets to be uploaded with firebase deploy. If you
[info] have a build process for your assets, use your build's output directory.
[info] 
[info] +  Wrote public/404.html 
[debug] [2023-05-19T12:53:40.742Z] >>> [apiv2][query] GET https://www.gstatic.com/firebasejs/releases.json [none]
[debug] [2023-05-19T12:53:41.188Z] <<< [apiv2][status] GET https://www.gstatic.com/firebasejs/releases.json 200
[debug] [2023-05-19T12:53:41.189Z] <<< [apiv2][body] GET https://www.gstatic.com/firebasejs/releases.json {"current":{"version":"9.22.0","browserURL":"https://www.gstatic.com/firebasejs/9.22.0/firebase.js","packageURL":"https://www.gstatic.com/firebasejs/9.22.0/firebase.tgz"},"live":{"version":"9.22","browserURL":"https://www.gstatic.com/firebasejs/live/9.22/firebase.js","packageURL":"https://www.gstatic.com/firebasejs/live/9.22/firebase.tgz"},"components":{"analytics":"https://www.gstatic.com/firebasejs/9.22.0/firebase-analytics.js","app":"https://www.gstatic.com/firebasejs/9.22.0/firebase-app.js","app-check":"https://www.gstatic.com/firebasejs/9.22.0/firebase-app-check.js","auth":"https://www.gstatic.com/firebasejs/9.22.0/firebase-auth.js","auth/cordova":"https://www.gstatic.com/firebasejs/9.22.0/firebase-auth/cordova.js","auth/react-native":"https://www.gstatic.com/firebasejs/9.22.0/firebase-auth/react-native.js","functions":"https://www.gstatic.com/firebasejs/9.22.0/firebase-functions.js","firestore":"https://www.gstatic.com/firebasejs/9.22.0/firebase-firestore.js","firestore/lite":"https://www.gstatic.com/firebasejs/9.22.0/firebase-firestore/lite.js","installations":"https://www.gstatic.com/firebasejs/9.22.0/firebase-installations.js","storage":"https://www.gstatic.com/firebasejs/9.22.0/firebase-storage.js","performance":"https://www.gstatic.com/firebasejs/9.22.0/firebase-performance.js","remote-config":"https://www.gstatic.com/firebasejs/9.22.0/firebase-remote-config.js","messaging":"https://www.gstatic.com/firebasejs/9.22.0/firebase-messaging.js","messaging/sw":"https://www.gstatic.com/firebasejs/9.22.0/firebase-messaging/sw.js","database":"https://www.gstatic.com/firebasejs/9.22.0/firebase-database.js","firestore.memory":"https://www.gstatic.com/firebasejs/9.22.0/firebase-firestore.memory.js"}}
[info] i  Skipping write of public/index.html 
[info] 
[info] i  Detected a .git folder at D:\STUDY\REACT\react-practice\PedroTech\react-app-using-typescript-and-firebase 
[info] i  Authorizing with GitHub to upload your service account to a GitHub repository's secrets store. 
[info] 
[info] Visit this URL on this device to log in:
[info] https://github.com/login/oauth/authorize?client_id=89cf50f02ac6aaed3484&state=696282457&redirect_uri=http%3A%2F%2Flocalhost%3A9005&scope=read%3Auser%20repo%20public_repo
[info] 
[info] Waiting for authentication...
[debug] [2023-05-19T12:57:09.343Z] >>> [apiv2][query] POST https://github.com/login/oauth/access_token [none]
[debug] [2023-05-19T12:57:09.344Z] >>> [apiv2][body] POST https://github.com/login/oauth/access_token [stream]
[debug] [2023-05-19T12:57:10.165Z] <<< [apiv2][status] POST https://github.com/login/oauth/access_token 200
[debug] [2023-05-19T12:57:10.165Z] <<< [apiv2][body] POST https://github.com/login/oauth/access_token {"access_token":"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","token_type":"bearer","scope":"read:user,repo"}
[debug] [2023-05-19T12:57:10.311Z] >>> [apiv2][query] GET https://api.github.com/user [none]
[debug] [2023-05-19T12:57:11.168Z] <<< [apiv2][status] GET https://api.github.com/user 200
[debug] [2023-05-19T12:57:11.168Z] <<< [apiv2][body] GET https://api.github.com/user {"login":"satya-sanjay2110","id":117043257,"node_id":"U_kgDOBvnwOQ","avatar_url":"https://avatars.githubusercontent.com/u/117043257?v=4","gravatar_id":"","url":"https://api.github.com/users/satya-sanjay2110","html_url":"https://github.com/satya-sanjay2110","followers_url":"https://api.github.com/users/satya-sanjay2110/followers","following_url":"https://api.github.com/users/satya-sanjay2110/following{/other_user}","gists_url":"https://api.github.com/users/satya-sanjay2110/gists{/gist_id}","starred_url":"https://api.github.com/users/satya-sanjay2110/starred{/owner}{/repo}","subscriptions_url":"https://api.github.com/users/satya-sanjay2110/subscriptions","organizations_url":"https://api.github.com/users/satya-sanjay2110/orgs","repos_url":"https://api.github.com/users/satya-sanjay2110/repos","events_url":"https://api.github.com/users/satya-sanjay2110/events{/privacy}","received_events_url":"https://api.github.com/users/satya-sanjay2110/received_events","type":"User","site_admin":false,"name":"Satya Sanjay","company":null,"blog":"","location":null,"email":null,"hireable":null,"bio":null,"twitter_username":null,"public_repos":5,"public_gists":0,"followers":0,"following":1,"created_at":"2022-10-30T20:55:39Z","updated_at":"2023-05-19T12:56:43Z","private_gists":0,"total_private_repos":0,"owned_private_repos":0,"disk_usage":1060,"collaborators":0,"two_factor_authentication":false,"plan":{"name":"free","space":976562499,"collaborators":0,"private_repos":10000}}
[info] 
[info] +  Success! Logged into GitHub as satya-sanjay2110 
[info] 
